2011-04-27 21:12:51,206 ERROR [errorlog] org.apache.commons.httpclient.HttpException: Received status code '404' on WSDL HTTP (GET) request: 'http://www.webservicex.net/sunsetriseservice.asmx%3FWSDL'.
org.apache.commons.httpclient.HttpException: Received status code '404' on WSDL HTTP (GET) request: 'http://www.webservicex.net/sunsetriseservice.asmx%3FWSDL'.
	at com.cadenceone.simplesoap.SoapUIBackedSOAPService$HttpClientWsdlLoader.load(SoapUIBackedSOAPService.java:88)
	at com.eviware.soapui.impl.wsdl.support.wsdl.WsdlLoader.loadXmlObject(WsdlLoader.java:107)
	at com.eviware.soapui.impl.wsdl.support.xsd.SchemaUtils.getDefinitionParts(SchemaUtils.java:526)
	at com.eviware.soapui.impl.wsdl.support.xsd.SchemaUtils.getDefinitionParts(SchemaUtils.java:515)
	at com.eviware.soapui.impl.support.definition.support.AbstractDefinitionCache.update(AbstractDefinitionCache.java:97)
	at com.eviware.soapui.impl.support.definition.support.AbstractDefinitionContext$Loader.construct(AbstractDefinitionContext.java:221)
	at com.eviware.soapui.support.swing.SwingWorkerDelegator.construct(SwingWorkerDelegator.java:46)
	at com.eviware.soapui.support.swing.SwingWorker$2.run(SwingWorker.java:149)
	at java.lang.Thread.run(Thread.java:662)
2011-04-27 21:12:51,212 ERROR [errorlog] java.lang.Exception: org.apache.commons.httpclient.HttpException: Received status code '404' on WSDL HTTP (GET) request: 'http://www.webservicex.net/sunsetriseservice.asmx%3FWSDL'.
java.lang.Exception: org.apache.commons.httpclient.HttpException: Received status code '404' on WSDL HTTP (GET) request: 'http://www.webservicex.net/sunsetriseservice.asmx%3FWSDL'.
	at com.eviware.soapui.impl.support.definition.support.AbstractDefinitionContext.load(AbstractDefinitionContext.java:157)
	at com.eviware.soapui.impl.wsdl.support.wsdl.WsdlImporter.importWsdl(WsdlImporter.java:86)
	at com.eviware.soapui.impl.WsdlInterfaceFactory.importWsdl(WsdlInterfaceFactory.java:74)
	at com.eviware.soapui.impl.wsdl.WsdlProject.importWsdl(WsdlProject.java:1627)
	at com.cadenceone.simplesoap.SoapUIBackedSOAPService.<init>(SoapUIBackedSOAPService.java:28)
	at com.cadenceone.simplesoap.SoapUIBackedSOAPServiceTest.givenAValidWsdl_whenNumberOfOperationsIsQueried_thenReturnsCorrectNumber(SoapUIBackedSOAPServiceTest.java:16)
	at sun.reflect.NativeMethodAccessorImpl.invoke0(Native Method)
	at sun.reflect.NativeMethodAccessorImpl.invoke(NativeMethodAccessorImpl.java:39)
	at sun.reflect.DelegatingMethodAccessorImpl.invoke(DelegatingMethodAccessorImpl.java:25)
	at java.lang.reflect.Method.invoke(Method.java:597)
	at org.junit.runners.model.FrameworkMethod$1.runReflectiveCall(FrameworkMethod.java:44)
	at org.junit.internal.runners.model.ReflectiveCallable.run(ReflectiveCallable.java:15)
	at org.junit.runners.model.FrameworkMethod.invokeExplosively(FrameworkMethod.java:41)
	at org.junit.internal.runners.statements.InvokeMethod.evaluate(InvokeMethod.java:20)
	at org.junit.runners.BlockJUnit4ClassRunner.runNotIgnored(BlockJUnit4ClassRunner.java:79)
	at org.junit.runners.BlockJUnit4ClassRunner.runChild(BlockJUnit4ClassRunner.java:71)
	at org.junit.runners.BlockJUnit4ClassRunner.runChild(BlockJUnit4ClassRunner.java:49)
	at org.junit.runners.ParentRunner$3.run(ParentRunner.java:193)
	at org.junit.runners.ParentRunner$1.schedule(ParentRunner.java:52)
	at org.junit.runners.ParentRunner.runChildren(ParentRunner.java:191)
	at org.junit.runners.ParentRunner.access$000(ParentRunner.java:42)
	at org.junit.runners.ParentRunner$2.evaluate(ParentRunner.java:184)
	at org.junit.runners.ParentRunner.run(ParentRunner.java:236)
	at org.junit.runner.JUnitCore.run(JUnitCore.java:157)
	at org.junit.runner.JUnitCore.run(JUnitCore.java:136)
	at org.infinitest.testrunner.JUnit4Runner.runTest(JUnit4Runner.java:53)
	at org.infinitest.testrunner.TestRunnerProcess.runTest(TestRunnerProcess.java:82)
	at org.infinitest.testrunner.TestRunnerProcess.writeTestResultToOutputStream(TestRunnerProcess.java:133)
	at org.infinitest.testrunner.TestRunnerProcess.main(TestRunnerProcess.java:105)
Caused by: org.apache.commons.httpclient.HttpException: Received status code '404' on WSDL HTTP (GET) request: 'http://www.webservicex.net/sunsetriseservice.asmx%3FWSDL'.
	at com.cadenceone.simplesoap.SoapUIBackedSOAPService$HttpClientWsdlLoader.load(SoapUIBackedSOAPService.java:88)
	at com.eviware.soapui.impl.wsdl.support.wsdl.WsdlLoader.loadXmlObject(WsdlLoader.java:107)
	at com.eviware.soapui.impl.wsdl.support.xsd.SchemaUtils.getDefinitionParts(SchemaUtils.java:526)
	at com.eviware.soapui.impl.wsdl.support.xsd.SchemaUtils.getDefinitionParts(SchemaUtils.java:515)
	at com.eviware.soapui.impl.support.definition.support.AbstractDefinitionCache.update(AbstractDefinitionCache.java:97)
	at com.eviware.soapui.impl.support.definition.support.AbstractDefinitionContext$Loader.construct(AbstractDefinitionContext.java:221)
	at com.eviware.soapui.support.swing.SwingWorkerDelegator.construct(SwingWorkerDelegator.java:46)
	at com.eviware.soapui.support.swing.SwingWorker$2.run(SwingWorker.java:149)
	at java.lang.Thread.run(Thread.java:662)
2011-04-27 21:12:58,549 ERROR [errorlog] org.apache.commons.httpclient.HttpException: Received status code '404' on WSDL HTTP (GET) request: 'http://www.webservicex.net/sunsetriseservice.asmx%3FWSDL'.
org.apache.commons.httpclient.HttpException: Received status code '404' on WSDL HTTP (GET) request: 'http://www.webservicex.net/sunsetriseservice.asmx%3FWSDL'.
	at com.cadenceone.simplesoap.SoapUIBackedSOAPService$HttpClientWsdlLoader.load(SoapUIBackedSOAPService.java:88)
	at com.eviware.soapui.impl.wsdl.support.wsdl.WsdlLoader.loadXmlObject(WsdlLoader.java:107)
	at com.eviware.soapui.impl.wsdl.support.xsd.SchemaUtils.getDefinitionParts(SchemaUtils.java:526)
	at com.eviware.soapui.impl.wsdl.support.xsd.SchemaUtils.getDefinitionParts(SchemaUtils.java:515)
	at com.eviware.soapui.impl.support.definition.support.AbstractDefinitionCache.update(AbstractDefinitionCache.java:97)
	at com.eviware.soapui.impl.support.definition.support.AbstractDefinitionContext$Loader.construct(AbstractDefinitionContext.java:221)
	at com.eviware.soapui.support.swing.SwingWorkerDelegator.construct(SwingWorkerDelegator.java:46)
	at com.eviware.soapui.support.swing.SwingWorker$2.run(SwingWorker.java:149)
	at java.lang.Thread.run(Thread.java:662)
2011-04-27 21:12:58,553 ERROR [errorlog] java.lang.Exception: org.apache.commons.httpclient.HttpException: Received status code '404' on WSDL HTTP (GET) request: 'http://www.webservicex.net/sunsetriseservice.asmx%3FWSDL'.
java.lang.Exception: org.apache.commons.httpclient.HttpException: Received status code '404' on WSDL HTTP (GET) request: 'http://www.webservicex.net/sunsetriseservice.asmx%3FWSDL'.
	at com.eviware.soapui.impl.support.definition.support.AbstractDefinitionContext.load(AbstractDefinitionContext.java:157)
	at com.eviware.soapui.impl.wsdl.support.wsdl.WsdlImporter.importWsdl(WsdlImporter.java:86)
	at com.eviware.soapui.impl.WsdlInterfaceFactory.importWsdl(WsdlInterfaceFactory.java:74)
	at com.eviware.soapui.impl.wsdl.WsdlProject.importWsdl(WsdlProject.java:1627)
	at com.cadenceone.simplesoap.SoapUIBackedSOAPService.<init>(SoapUIBackedSOAPService.java:28)
	at com.cadenceone.simplesoap.SoapUIBackedSOAPServiceTest.givenAValidWsdl_whenNumberOfOperationsIsQueried_thenReturnsCorrectNumber(SoapUIBackedSOAPServiceTest.java:16)
	at sun.reflect.NativeMethodAccessorImpl.invoke0(Native Method)
	at sun.reflect.NativeMethodAccessorImpl.invoke(NativeMethodAccessorImpl.java:39)
	at sun.reflect.DelegatingMethodAccessorImpl.invoke(DelegatingMethodAccessorImpl.java:25)
	at java.lang.reflect.Method.invoke(Method.java:597)
	at org.junit.runners.model.FrameworkMethod$1.runReflectiveCall(FrameworkMethod.java:44)
	at org.junit.internal.runners.model.ReflectiveCallable.run(ReflectiveCallable.java:15)
	at org.junit.runners.model.FrameworkMethod.invokeExplosively(FrameworkMethod.java:41)
	at org.junit.internal.runners.statements.InvokeMethod.evaluate(InvokeMethod.java:20)
	at org.junit.runners.BlockJUnit4ClassRunner.runChild(BlockJUnit4ClassRunner.java:76)
	at org.junit.runners.BlockJUnit4ClassRunner.runChild(BlockJUnit4ClassRunner.java:50)
	at org.junit.runners.ParentRunner$3.run(ParentRunner.java:193)
	at org.junit.runners.ParentRunner$1.schedule(ParentRunner.java:52)
	at org.junit.runners.ParentRunner.runChildren(ParentRunner.java:191)
	at org.junit.runners.ParentRunner.access$000(ParentRunner.java:42)
	at org.junit.runners.ParentRunner$2.evaluate(ParentRunner.java:184)
	at org.junit.runners.ParentRunner.run(ParentRunner.java:236)
	at org.eclipse.jdt.internal.junit4.runner.JUnit4TestReference.run(JUnit4TestReference.java:49)
	at org.eclipse.jdt.internal.junit.runner.TestExecution.run(TestExecution.java:38)
	at org.eclipse.jdt.internal.junit.runner.RemoteTestRunner.runTests(RemoteTestRunner.java:467)
	at org.eclipse.jdt.internal.junit.runner.RemoteTestRunner.runTests(RemoteTestRunner.java:683)
	at org.eclipse.jdt.internal.junit.runner.RemoteTestRunner.run(RemoteTestRunner.java:390)
	at org.eclipse.jdt.internal.junit.runner.RemoteTestRunner.main(RemoteTestRunner.java:197)
Caused by: org.apache.commons.httpclient.HttpException: Received status code '404' on WSDL HTTP (GET) request: 'http://www.webservicex.net/sunsetriseservice.asmx%3FWSDL'.
	at com.cadenceone.simplesoap.SoapUIBackedSOAPService$HttpClientWsdlLoader.load(SoapUIBackedSOAPService.java:88)
	at com.eviware.soapui.impl.wsdl.support.wsdl.WsdlLoader.loadXmlObject(WsdlLoader.java:107)
	at com.eviware.soapui.impl.wsdl.support.xsd.SchemaUtils.getDefinitionParts(SchemaUtils.java:526)
	at com.eviware.soapui.impl.wsdl.support.xsd.SchemaUtils.getDefinitionParts(SchemaUtils.java:515)
	at com.eviware.soapui.impl.support.definition.support.AbstractDefinitionCache.update(AbstractDefinitionCache.java:97)
	at com.eviware.soapui.impl.support.definition.support.AbstractDefinitionContext$Loader.construct(AbstractDefinitionContext.java:221)
	at com.eviware.soapui.support.swing.SwingWorkerDelegator.construct(SwingWorkerDelegator.java:46)
	at com.eviware.soapui.support.swing.SwingWorker$2.run(SwingWorker.java:149)
	at java.lang.Thread.run(Thread.java:662)
2011-04-27 21:17:51,607 ERROR [errorlog] java.lang.IllegalArgumentException: host parameter is null
java.lang.IllegalArgumentException: host parameter is null
	at org.apache.commons.httpclient.HttpConnection.<init>(HttpConnection.java:205)
	at org.apache.commons.httpclient.HttpConnection.<init>(HttpConnection.java:154)
	at org.apache.commons.httpclient.SimpleHttpConnectionManager.getConnectionWithTimeout(SimpleHttpConnectionManager.java:149)
	at org.apache.commons.httpclient.HttpMethodDirector.executeMethod(HttpMethodDirector.java:152)
	at org.apache.commons.httpclient.HttpClient.executeMethod(HttpClient.java:396)
	at org.apache.commons.httpclient.HttpClient.executeMethod(HttpClient.java:324)
	at com.cadenceone.simplesoap.SoapUIBackedSOAPService$HttpClientWsdlLoader.load(SoapUIBackedSOAPService.java:84)
	at com.eviware.soapui.impl.wsdl.support.wsdl.WsdlLoader.loadXmlObject(WsdlLoader.java:107)
	at com.eviware.soapui.impl.wsdl.support.xsd.SchemaUtils.getDefinitionParts(SchemaUtils.java:526)
	at com.eviware.soapui.impl.wsdl.support.xsd.SchemaUtils.getDefinitionParts(SchemaUtils.java:515)
	at com.eviware.soapui.impl.support.definition.support.AbstractDefinitionCache.update(AbstractDefinitionCache.java:97)
	at com.eviware.soapui.impl.support.definition.support.AbstractDefinitionContext$Loader.construct(AbstractDefinitionContext.java:221)
	at com.eviware.soapui.support.swing.SwingWorkerDelegator.construct(SwingWorkerDelegator.java:46)
	at com.eviware.soapui.support.swing.SwingWorker$2.run(SwingWorker.java:149)
	at java.lang.Thread.run(Thread.java:662)
2011-04-27 21:17:51,609 ERROR [errorlog] java.lang.Exception: java.lang.IllegalArgumentException: host parameter is null
java.lang.Exception: java.lang.IllegalArgumentException: host parameter is null
	at com.eviware.soapui.impl.support.definition.support.AbstractDefinitionContext.load(AbstractDefinitionContext.java:157)
	at com.eviware.soapui.impl.wsdl.support.wsdl.WsdlImporter.importWsdl(WsdlImporter.java:86)
	at com.eviware.soapui.impl.WsdlInterfaceFactory.importWsdl(WsdlInterfaceFactory.java:74)
	at com.eviware.soapui.impl.wsdl.WsdlProject.importWsdl(WsdlProject.java:1627)
	at com.cadenceone.simplesoap.SoapUIBackedSOAPService.<init>(SoapUIBackedSOAPService.java:28)
	at com.cadenceone.simplesoap.SoapUIBackedSOAPServiceTest.givenAValidWsdl_whenNumberOfOperationsIsQueried_thenReturnsCorrectNumber(SoapUIBackedSOAPServiceTest.java:16)
	at sun.reflect.NativeMethodAccessorImpl.invoke0(Native Method)
	at sun.reflect.NativeMethodAccessorImpl.invoke(NativeMethodAccessorImpl.java:39)
	at sun.reflect.DelegatingMethodAccessorImpl.invoke(DelegatingMethodAccessorImpl.java:25)
	at java.lang.reflect.Method.invoke(Method.java:597)
	at org.junit.runners.model.FrameworkMethod$1.runReflectiveCall(FrameworkMethod.java:44)
	at org.junit.internal.runners.model.ReflectiveCallable.run(ReflectiveCallable.java:15)
	at org.junit.runners.model.FrameworkMethod.invokeExplosively(FrameworkMethod.java:41)
	at org.junit.internal.runners.statements.InvokeMethod.evaluate(InvokeMethod.java:20)
	at org.junit.runners.BlockJUnit4ClassRunner.runChild(BlockJUnit4ClassRunner.java:76)
	at org.junit.runners.BlockJUnit4ClassRunner.runChild(BlockJUnit4ClassRunner.java:50)
	at org.junit.runners.ParentRunner$3.run(ParentRunner.java:193)
	at org.junit.runners.ParentRunner$1.schedule(ParentRunner.java:52)
	at org.junit.runners.ParentRunner.runChildren(ParentRunner.java:191)
	at org.junit.runners.ParentRunner.access$000(ParentRunner.java:42)
	at org.junit.runners.ParentRunner$2.evaluate(ParentRunner.java:184)
	at org.junit.runners.ParentRunner.run(ParentRunner.java:236)
	at org.eclipse.jdt.internal.junit4.runner.JUnit4TestReference.run(JUnit4TestReference.java:49)
	at org.eclipse.jdt.internal.junit.runner.TestExecution.run(TestExecution.java:38)
	at org.eclipse.jdt.internal.junit.runner.RemoteTestRunner.runTests(RemoteTestRunner.java:467)
	at org.eclipse.jdt.internal.junit.runner.RemoteTestRunner.runTests(RemoteTestRunner.java:683)
	at org.eclipse.jdt.internal.junit.runner.RemoteTestRunner.run(RemoteTestRunner.java:390)
	at org.eclipse.jdt.internal.junit.runner.RemoteTestRunner.main(RemoteTestRunner.java:197)
Caused by: java.lang.IllegalArgumentException: host parameter is null
	at org.apache.commons.httpclient.HttpConnection.<init>(HttpConnection.java:205)
	at org.apache.commons.httpclient.HttpConnection.<init>(HttpConnection.java:154)
	at org.apache.commons.httpclient.SimpleHttpConnectionManager.getConnectionWithTimeout(SimpleHttpConnectionManager.java:149)
	at org.apache.commons.httpclient.HttpMethodDirector.executeMethod(HttpMethodDirector.java:152)
	at org.apache.commons.httpclient.HttpClient.executeMethod(HttpClient.java:396)
	at org.apache.commons.httpclient.HttpClient.executeMethod(HttpClient.java:324)
	at com.cadenceone.simplesoap.SoapUIBackedSOAPService$HttpClientWsdlLoader.load(SoapUIBackedSOAPService.java:84)
	at com.eviware.soapui.impl.wsdl.support.wsdl.WsdlLoader.loadXmlObject(WsdlLoader.java:107)
	at com.eviware.soapui.impl.wsdl.support.xsd.SchemaUtils.getDefinitionParts(SchemaUtils.java:526)
	at com.eviware.soapui.impl.wsdl.support.xsd.SchemaUtils.getDefinitionParts(SchemaUtils.java:515)
	at com.eviware.soapui.impl.support.definition.support.AbstractDefinitionCache.update(AbstractDefinitionCache.java:97)
	at com.eviware.soapui.impl.support.definition.support.AbstractDefinitionContext$Loader.construct(AbstractDefinitionContext.java:221)
	at com.eviware.soapui.support.swing.SwingWorkerDelegator.construct(SwingWorkerDelegator.java:46)
	at com.eviware.soapui.support.swing.SwingWorker$2.run(SwingWorker.java:149)
	at java.lang.Thread.run(Thread.java:662)
2011-04-27 21:17:51,642 ERROR [errorlog] java.lang.IllegalArgumentException: host parameter is null
java.lang.IllegalArgumentException: host parameter is null
	at org.apache.commons.httpclient.HttpConnection.<init>(HttpConnection.java:205)
	at org.apache.commons.httpclient.HttpConnection.<init>(HttpConnection.java:154)
	at org.apache.commons.httpclient.SimpleHttpConnectionManager.getConnectionWithTimeout(SimpleHttpConnectionManager.java:149)
	at org.apache.commons.httpclient.HttpMethodDirector.executeMethod(HttpMethodDirector.java:152)
	at org.apache.commons.httpclient.HttpClient.executeMethod(HttpClient.java:396)
	at org.apache.commons.httpclient.HttpClient.executeMethod(HttpClient.java:324)
	at com.cadenceone.simplesoap.SoapUIBackedSOAPService$HttpClientWsdlLoader.load(SoapUIBackedSOAPService.java:84)
	at com.eviware.soapui.impl.wsdl.support.wsdl.WsdlLoader.loadXmlObject(WsdlLoader.java:107)
	at com.eviware.soapui.impl.wsdl.support.xsd.SchemaUtils.getDefinitionParts(SchemaUtils.java:526)
	at com.eviware.soapui.impl.wsdl.support.xsd.SchemaUtils.getDefinitionParts(SchemaUtils.java:515)
	at com.eviware.soapui.impl.support.definition.support.AbstractDefinitionCache.update(AbstractDefinitionCache.java:97)
	at com.eviware.soapui.impl.support.definition.support.AbstractDefinitionContext$Loader.construct(AbstractDefinitionContext.java:221)
	at com.eviware.soapui.support.swing.SwingWorkerDelegator.construct(SwingWorkerDelegator.java:46)
	at com.eviware.soapui.support.swing.SwingWorker$2.run(SwingWorker.java:149)
	at java.lang.Thread.run(Thread.java:662)
2011-04-27 21:17:51,666 ERROR [errorlog] java.lang.Exception: java.lang.IllegalArgumentException: host parameter is null
java.lang.Exception: java.lang.IllegalArgumentException: host parameter is null
	at com.eviware.soapui.impl.support.definition.support.AbstractDefinitionContext.load(AbstractDefinitionContext.java:157)
	at com.eviware.soapui.impl.wsdl.support.wsdl.WsdlImporter.importWsdl(WsdlImporter.java:86)
	at com.eviware.soapui.impl.WsdlInterfaceFactory.importWsdl(WsdlInterfaceFactory.java:74)
	at com.eviware.soapui.impl.wsdl.WsdlProject.importWsdl(WsdlProject.java:1627)
	at com.cadenceone.simplesoap.SoapUIBackedSOAPService.<init>(SoapUIBackedSOAPService.java:28)
	at com.cadenceone.simplesoap.SoapUIBackedSOAPServiceTest.givenAValidWsdl_whenNumberOfOperationsIsQueried_thenReturnsCorrectNumber(SoapUIBackedSOAPServiceTest.java:16)
	at sun.reflect.NativeMethodAccessorImpl.invoke0(Native Method)
	at sun.reflect.NativeMethodAccessorImpl.invoke(NativeMethodAccessorImpl.java:39)
	at sun.reflect.DelegatingMethodAccessorImpl.invoke(DelegatingMethodAccessorImpl.java:25)
	at java.lang.reflect.Method.invoke(Method.java:597)
	at org.junit.runners.model.FrameworkMethod$1.runReflectiveCall(FrameworkMethod.java:44)
	at org.junit.internal.runners.model.ReflectiveCallable.run(ReflectiveCallable.java:15)
	at org.junit.runners.model.FrameworkMethod.invokeExplosively(FrameworkMethod.java:41)
	at org.junit.internal.runners.statements.InvokeMethod.evaluate(InvokeMethod.java:20)
	at org.junit.runners.BlockJUnit4ClassRunner.runNotIgnored(BlockJUnit4ClassRunner.java:79)
	at org.junit.runners.BlockJUnit4ClassRunner.runChild(BlockJUnit4ClassRunner.java:71)
	at org.junit.runners.BlockJUnit4ClassRunner.runChild(BlockJUnit4ClassRunner.java:49)
	at org.junit.runners.ParentRunner$3.run(ParentRunner.java:193)
	at org.junit.runners.ParentRunner$1.schedule(ParentRunner.java:52)
	at org.junit.runners.ParentRunner.runChildren(ParentRunner.java:191)
	at org.junit.runners.ParentRunner.access$000(ParentRunner.java:42)
	at org.junit.runners.ParentRunner$2.evaluate(ParentRunner.java:184)
	at org.junit.runners.ParentRunner.run(ParentRunner.java:236)
	at org.junit.runner.JUnitCore.run(JUnitCore.java:157)
	at org.junit.runner.JUnitCore.run(JUnitCore.java:136)
	at org.infinitest.testrunner.JUnit4Runner.runTest(JUnit4Runner.java:53)
	at org.infinitest.testrunner.TestRunnerProcess.runTest(TestRunnerProcess.java:82)
	at org.infinitest.testrunner.TestRunnerProcess.writeTestResultToOutputStream(TestRunnerProcess.java:133)
	at org.infinitest.testrunner.TestRunnerProcess.main(TestRunnerProcess.java:105)
Caused by: java.lang.IllegalArgumentException: host parameter is null
	at org.apache.commons.httpclient.HttpConnection.<init>(HttpConnection.java:205)
	at org.apache.commons.httpclient.HttpConnection.<init>(HttpConnection.java:154)
	at org.apache.commons.httpclient.SimpleHttpConnectionManager.getConnectionWithTimeout(SimpleHttpConnectionManager.java:149)
	at org.apache.commons.httpclient.HttpMethodDirector.executeMethod(HttpMethodDirector.java:152)
	at org.apache.commons.httpclient.HttpClient.executeMethod(HttpClient.java:396)
	at org.apache.commons.httpclient.HttpClient.executeMethod(HttpClient.java:324)
	at com.cadenceone.simplesoap.SoapUIBackedSOAPService$HttpClientWsdlLoader.load(SoapUIBackedSOAPService.java:84)
	at com.eviware.soapui.impl.wsdl.support.wsdl.WsdlLoader.loadXmlObject(WsdlLoader.java:107)
	at com.eviware.soapui.impl.wsdl.support.xsd.SchemaUtils.getDefinitionParts(SchemaUtils.java:526)
	at com.eviware.soapui.impl.wsdl.support.xsd.SchemaUtils.getDefinitionParts(SchemaUtils.java:515)
	at com.eviware.soapui.impl.support.definition.support.AbstractDefinitionCache.update(AbstractDefinitionCache.java:97)
	at com.eviware.soapui.impl.support.definition.support.AbstractDefinitionContext$Loader.construct(AbstractDefinitionContext.java:221)
	at com.eviware.soapui.support.swing.SwingWorkerDelegator.construct(SwingWorkerDelegator.java:46)
	at com.eviware.soapui.support.swing.SwingWorker$2.run(SwingWorker.java:149)
	at java.lang.Thread.run(Thread.java:662)
2011-04-27 21:18:00,412 ERROR [errorlog] java.lang.NoClassDefFoundError: org/apache/xml/serialize/XMLSerializer
java.lang.NoClassDefFoundError: org/apache/xml/serialize/XMLSerializer
	at com.eviware.soapui.impl.support.definition.support.ConfigInterfaceDefinitionPart.getContent(ConfigInterfaceDefinitionPart.java:50)
	at com.eviware.soapui.impl.support.definition.support.InterfaceCacheDefinitionLoader.getPartContent(InterfaceCacheDefinitionLoader.java:101)
	at com.eviware.soapui.impl.support.definition.support.InterfaceCacheDefinitionLoader.loadXmlObject(InterfaceCacheDefinitionLoader.java:63)
	at com.eviware.soapui.impl.support.definition.support.InterfaceCacheDefinitionLoader.load(InterfaceCacheDefinitionLoader.java:46)
	at com.eviware.soapui.impl.wsdl.support.wsdl.AbstractWsdlDefinitionLoader.getBaseInputSource(AbstractWsdlDefinitionLoader.java:86)
	at com.ibm.wsdl.xml.WSDLReaderImpl.readWSDL(Unknown Source)
	at com.eviware.soapui.impl.wsdl.support.wsdl.WsdlInterfaceDefinition.load(WsdlInterfaceDefinition.java:48)
	at com.eviware.soapui.impl.wsdl.support.wsdl.WsdlContext.loadDefinition(WsdlContext.java:66)
	at com.eviware.soapui.impl.wsdl.support.wsdl.WsdlContext.loadDefinition(WsdlContext.java:30)
	at com.eviware.soapui.impl.support.definition.support.AbstractDefinitionContext.cacheDefinition(AbstractDefinitionContext.java:264)
	at com.eviware.soapui.impl.support.definition.support.AbstractDefinitionContext.access$400(AbstractDefinitionContext.java:44)
	at com.eviware.soapui.impl.support.definition.support.AbstractDefinitionContext$Loader.construct(AbstractDefinitionContext.java:230)
	at com.eviware.soapui.support.swing.SwingWorkerDelegator.construct(SwingWorkerDelegator.java:46)
	at com.eviware.soapui.support.swing.SwingWorker$2.run(SwingWorker.java:149)
	at java.lang.Thread.run(Thread.java:662)
Caused by: java.lang.ClassNotFoundException: org.apache.xml.serialize.XMLSerializer
	at java.net.URLClassLoader$1.run(URLClassLoader.java:202)
	at java.security.AccessController.doPrivileged(Native Method)
	at java.net.URLClassLoader.findClass(URLClassLoader.java:190)
	at java.lang.ClassLoader.loadClass(ClassLoader.java:307)
	at sun.misc.Launcher$AppClassLoader.loadClass(Launcher.java:301)
	at java.lang.ClassLoader.loadClass(ClassLoader.java:248)
	... 15 more
2011-04-27 21:18:00,415 ERROR [errorlog] java.lang.Exception: java.lang.NoClassDefFoundError: org/apache/xml/serialize/XMLSerializer
java.lang.Exception: java.lang.NoClassDefFoundError: org/apache/xml/serialize/XMLSerializer
	at com.eviware.soapui.impl.support.definition.support.AbstractDefinitionContext.load(AbstractDefinitionContext.java:157)
	at com.eviware.soapui.impl.wsdl.support.wsdl.WsdlImporter.importWsdl(WsdlImporter.java:86)
	at com.eviware.soapui.impl.WsdlInterfaceFactory.importWsdl(WsdlInterfaceFactory.java:74)
	at com.eviware.soapui.impl.wsdl.WsdlProject.importWsdl(WsdlProject.java:1627)
	at com.cadenceone.simplesoap.SoapUIBackedSOAPService.<init>(SoapUIBackedSOAPService.java:28)
	at com.cadenceone.simplesoap.SoapUIBackedSOAPServiceTest.givenAValidWsdl_whenNumberOfOperationsIsQueried_thenReturnsCorrectNumber(SoapUIBackedSOAPServiceTest.java:16)
	at sun.reflect.NativeMethodAccessorImpl.invoke0(Native Method)
	at sun.reflect.NativeMethodAccessorImpl.invoke(NativeMethodAccessorImpl.java:39)
	at sun.reflect.DelegatingMethodAccessorImpl.invoke(DelegatingMethodAccessorImpl.java:25)
	at java.lang.reflect.Method.invoke(Method.java:597)
	at org.junit.runners.model.FrameworkMethod$1.runReflectiveCall(FrameworkMethod.java:44)
	at org.junit.internal.runners.model.ReflectiveCallable.run(ReflectiveCallable.java:15)
	at org.junit.runners.model.FrameworkMethod.invokeExplosively(FrameworkMethod.java:41)
	at org.junit.internal.runners.statements.InvokeMethod.evaluate(InvokeMethod.java:20)
	at org.junit.runners.BlockJUnit4ClassRunner.runNotIgnored(BlockJUnit4ClassRunner.java:79)
	at org.junit.runners.BlockJUnit4ClassRunner.runChild(BlockJUnit4ClassRunner.java:71)
	at org.junit.runners.BlockJUnit4ClassRunner.runChild(BlockJUnit4ClassRunner.java:49)
	at org.junit.runners.ParentRunner$3.run(ParentRunner.java:193)
	at org.junit.runners.ParentRunner$1.schedule(ParentRunner.java:52)
	at org.junit.runners.ParentRunner.runChildren(ParentRunner.java:191)
	at org.junit.runners.ParentRunner.access$000(ParentRunner.java:42)
	at org.junit.runners.ParentRunner$2.evaluate(ParentRunner.java:184)
	at org.junit.runners.ParentRunner.run(ParentRunner.java:236)
	at org.junit.runner.JUnitCore.run(JUnitCore.java:157)
	at org.junit.runner.JUnitCore.run(JUnitCore.java:136)
	at org.infinitest.testrunner.JUnit4Runner.runTest(JUnit4Runner.java:53)
	at org.infinitest.testrunner.TestRunnerProcess.runTest(TestRunnerProcess.java:82)
	at org.infinitest.testrunner.TestRunnerProcess.writeTestResultToOutputStream(TestRunnerProcess.java:133)
	at org.infinitest.testrunner.TestRunnerProcess.main(TestRunnerProcess.java:105)
Caused by: java.lang.NoClassDefFoundError: org/apache/xml/serialize/XMLSerializer
	at com.eviware.soapui.impl.support.definition.support.ConfigInterfaceDefinitionPart.getContent(ConfigInterfaceDefinitionPart.java:50)
	at com.eviware.soapui.impl.support.definition.support.InterfaceCacheDefinitionLoader.getPartContent(InterfaceCacheDefinitionLoader.java:101)
	at com.eviware.soapui.impl.support.definition.support.InterfaceCacheDefinitionLoader.loadXmlObject(InterfaceCacheDefinitionLoader.java:63)
	at com.eviware.soapui.impl.support.definition.support.InterfaceCacheDefinitionLoader.load(InterfaceCacheDefinitionLoader.java:46)
	at com.eviware.soapui.impl.wsdl.support.wsdl.AbstractWsdlDefinitionLoader.getBaseInputSource(AbstractWsdlDefinitionLoader.java:86)
	at com.ibm.wsdl.xml.WSDLReaderImpl.readWSDL(Unknown Source)
	at com.eviware.soapui.impl.wsdl.support.wsdl.WsdlInterfaceDefinition.load(WsdlInterfaceDefinition.java:48)
	at com.eviware.soapui.impl.wsdl.support.wsdl.WsdlContext.loadDefinition(WsdlContext.java:66)
	at com.eviware.soapui.impl.wsdl.support.wsdl.WsdlContext.loadDefinition(WsdlContext.java:30)
	at com.eviware.soapui.impl.support.definition.support.AbstractDefinitionContext.cacheDefinition(AbstractDefinitionContext.java:264)
	at com.eviware.soapui.impl.support.definition.support.AbstractDefinitionContext.access$400(AbstractDefinitionContext.java:44)
	at com.eviware.soapui.impl.support.definition.support.AbstractDefinitionContext$Loader.construct(AbstractDefinitionContext.java:230)
	at com.eviware.soapui.support.swing.SwingWorkerDelegator.construct(SwingWorkerDelegator.java:46)
	at com.eviware.soapui.support.swing.SwingWorker$2.run(SwingWorker.java:149)
	at java.lang.Thread.run(Thread.java:662)
Caused by: java.lang.ClassNotFoundException: org.apache.xml.serialize.XMLSerializer
	at java.net.URLClassLoader$1.run(URLClassLoader.java:202)
	at java.security.AccessController.doPrivileged(Native Method)
	at java.net.URLClassLoader.findClass(URLClassLoader.java:190)
	at java.lang.ClassLoader.loadClass(ClassLoader.java:307)
	at sun.misc.Launcher$AppClassLoader.loadClass(Launcher.java:301)
	at java.lang.ClassLoader.loadClass(ClassLoader.java:248)
	... 15 more
2011-04-27 21:18:59,560 ERROR [errorlog] java.lang.NoClassDefFoundError: org/apache/xml/serialize/XMLSerializer
java.lang.NoClassDefFoundError: org/apache/xml/serialize/XMLSerializer
	at com.eviware.soapui.impl.support.definition.support.ConfigInterfaceDefinitionPart.getContent(ConfigInterfaceDefinitionPart.java:50)
	at com.eviware.soapui.impl.support.definition.support.InterfaceCacheDefinitionLoader.getPartContent(InterfaceCacheDefinitionLoader.java:101)
	at com.eviware.soapui.impl.support.definition.support.InterfaceCacheDefinitionLoader.loadXmlObject(InterfaceCacheDefinitionLoader.java:63)
	at com.eviware.soapui.impl.support.definition.support.InterfaceCacheDefinitionLoader.load(InterfaceCacheDefinitionLoader.java:46)
	at com.eviware.soapui.impl.wsdl.support.wsdl.AbstractWsdlDefinitionLoader.getBaseInputSource(AbstractWsdlDefinitionLoader.java:86)
	at com.ibm.wsdl.xml.WSDLReaderImpl.readWSDL(Unknown Source)
	at com.eviware.soapui.impl.wsdl.support.wsdl.WsdlInterfaceDefinition.load(WsdlInterfaceDefinition.java:48)
	at com.eviware.soapui.impl.wsdl.support.wsdl.WsdlContext.loadDefinition(WsdlContext.java:66)
	at com.eviware.soapui.impl.wsdl.support.wsdl.WsdlContext.loadDefinition(WsdlContext.java:30)
	at com.eviware.soapui.impl.support.definition.support.AbstractDefinitionContext.cacheDefinition(AbstractDefinitionContext.java:264)
	at com.eviware.soapui.impl.support.definition.support.AbstractDefinitionContext.access$400(AbstractDefinitionContext.java:44)
	at com.eviware.soapui.impl.support.definition.support.AbstractDefinitionContext$Loader.construct(AbstractDefinitionContext.java:230)
	at com.eviware.soapui.support.swing.SwingWorkerDelegator.construct(SwingWorkerDelegator.java:46)
	at com.eviware.soapui.support.swing.SwingWorker$2.run(SwingWorker.java:149)
	at java.lang.Thread.run(Thread.java:662)
Caused by: java.lang.ClassNotFoundException: org.apache.xml.serialize.XMLSerializer
	at java.net.URLClassLoader$1.run(URLClassLoader.java:202)
	at java.security.AccessController.doPrivileged(Native Method)
	at java.net.URLClassLoader.findClass(URLClassLoader.java:190)
	at java.lang.ClassLoader.loadClass(ClassLoader.java:307)
	at sun.misc.Launcher$AppClassLoader.loadClass(Launcher.java:301)
	at java.lang.ClassLoader.loadClass(ClassLoader.java:248)
	... 15 more
2011-04-27 21:18:59,563 ERROR [errorlog] java.lang.Exception: java.lang.NoClassDefFoundError: org/apache/xml/serialize/XMLSerializer
java.lang.Exception: java.lang.NoClassDefFoundError: org/apache/xml/serialize/XMLSerializer
	at com.eviware.soapui.impl.support.definition.support.AbstractDefinitionContext.load(AbstractDefinitionContext.java:157)
	at com.eviware.soapui.impl.wsdl.support.wsdl.WsdlImporter.importWsdl(WsdlImporter.java:86)
	at com.eviware.soapui.impl.WsdlInterfaceFactory.importWsdl(WsdlInterfaceFactory.java:74)
	at com.eviware.soapui.impl.wsdl.WsdlProject.importWsdl(WsdlProject.java:1627)
	at com.cadenceone.simplesoap.SoapUIBackedSOAPService.<init>(SoapUIBackedSOAPService.java:28)
	at com.cadenceone.simplesoap.SoapUIBackedSOAPServiceTest.givenAValidWsdl_whenNumberOfOperationsIsQueried_thenReturnsCorrectNumber(SoapUIBackedSOAPServiceTest.java:16)
	at sun.reflect.NativeMethodAccessorImpl.invoke0(Native Method)
	at sun.reflect.NativeMethodAccessorImpl.invoke(NativeMethodAccessorImpl.java:39)
	at sun.reflect.DelegatingMethodAccessorImpl.invoke(DelegatingMethodAccessorImpl.java:25)
	at java.lang.reflect.Method.invoke(Method.java:597)
	at org.junit.runners.model.FrameworkMethod$1.runReflectiveCall(FrameworkMethod.java:44)
	at org.junit.internal.runners.model.ReflectiveCallable.run(ReflectiveCallable.java:15)
	at org.junit.runners.model.FrameworkMethod.invokeExplosively(FrameworkMethod.java:41)
	at org.junit.internal.runners.statements.InvokeMethod.evaluate(InvokeMethod.java:20)
	at org.junit.runners.BlockJUnit4ClassRunner.runNotIgnored(BlockJUnit4ClassRunner.java:79)
	at org.junit.runners.BlockJUnit4ClassRunner.runChild(BlockJUnit4ClassRunner.java:71)
	at org.junit.runners.BlockJUnit4ClassRunner.runChild(BlockJUnit4ClassRunner.java:49)
	at org.junit.runners.ParentRunner$3.run(ParentRunner.java:193)
	at org.junit.runners.ParentRunner$1.schedule(ParentRunner.java:52)
	at org.junit.runners.ParentRunner.runChildren(ParentRunner.java:191)
	at org.junit.runners.ParentRunner.access$000(ParentRunner.java:42)
	at org.junit.runners.ParentRunner$2.evaluate(ParentRunner.java:184)
	at org.junit.runners.ParentRunner.run(ParentRunner.java:236)
	at org.junit.runner.JUnitCore.run(JUnitCore.java:157)
	at org.junit.runner.JUnitCore.run(JUnitCore.java:136)
	at org.infinitest.testrunner.JUnit4Runner.runTest(JUnit4Runner.java:53)
	at org.infinitest.testrunner.TestRunnerProcess.runTest(TestRunnerProcess.java:82)
	at org.infinitest.testrunner.TestRunnerProcess.writeTestResultToOutputStream(TestRunnerProcess.java:133)
	at org.infinitest.testrunner.TestRunnerProcess.main(TestRunnerProcess.java:105)
Caused by: java.lang.NoClassDefFoundError: org/apache/xml/serialize/XMLSerializer
	at com.eviware.soapui.impl.support.definition.support.ConfigInterfaceDefinitionPart.getContent(ConfigInterfaceDefinitionPart.java:50)
	at com.eviware.soapui.impl.support.definition.support.InterfaceCacheDefinitionLoader.getPartContent(InterfaceCacheDefinitionLoader.java:101)
	at com.eviware.soapui.impl.support.definition.support.InterfaceCacheDefinitionLoader.loadXmlObject(InterfaceCacheDefinitionLoader.java:63)
	at com.eviware.soapui.impl.support.definition.support.InterfaceCacheDefinitionLoader.load(InterfaceCacheDefinitionLoader.java:46)
	at com.eviware.soapui.impl.wsdl.support.wsdl.AbstractWsdlDefinitionLoader.getBaseInputSource(AbstractWsdlDefinitionLoader.java:86)
	at com.ibm.wsdl.xml.WSDLReaderImpl.readWSDL(Unknown Source)
	at com.eviware.soapui.impl.wsdl.support.wsdl.WsdlInterfaceDefinition.load(WsdlInterfaceDefinition.java:48)
	at com.eviware.soapui.impl.wsdl.support.wsdl.WsdlContext.loadDefinition(WsdlContext.java:66)
	at com.eviware.soapui.impl.wsdl.support.wsdl.WsdlContext.loadDefinition(WsdlContext.java:30)
	at com.eviware.soapui.impl.support.definition.support.AbstractDefinitionContext.cacheDefinition(AbstractDefinitionContext.java:264)
	at com.eviware.soapui.impl.support.definition.support.AbstractDefinitionContext.access$400(AbstractDefinitionContext.java:44)
	at com.eviware.soapui.impl.support.definition.support.AbstractDefinitionContext$Loader.construct(AbstractDefinitionContext.java:230)
	at com.eviware.soapui.support.swing.SwingWorkerDelegator.construct(SwingWorkerDelegator.java:46)
	at com.eviware.soapui.support.swing.SwingWorker$2.run(SwingWorker.java:149)
	at java.lang.Thread.run(Thread.java:662)
Caused by: java.lang.ClassNotFoundException: org.apache.xml.serialize.XMLSerializer
	at java.net.URLClassLoader$1.run(URLClassLoader.java:202)
	at java.security.AccessController.doPrivileged(Native Method)
	at java.net.URLClassLoader.findClass(URLClassLoader.java:190)
	at java.lang.ClassLoader.loadClass(ClassLoader.java:307)
	at sun.misc.Launcher$AppClassLoader.loadClass(Launcher.java:301)
	at java.lang.ClassLoader.loadClass(ClassLoader.java:248)
	... 15 more
